<?xml version="1.0" encoding="UTF-8"?>
<testng-results ignored="0" total="1" passed="1" failed="0" skipped="0">
  <reporter-output>
  </reporter-output>
  <suite started-at="2022-11-06T12:40:50 IST" name="Default suite" finished-at="2022-11-06T12:41:15 IST" duration-ms="24935">
    <groups>
    </groups>
    <test started-at="2022-11-06T12:40:50 IST" name="Default test" finished-at="2022-11-06T12:41:15 IST" duration-ms="24935">
      <class name="com.amazon.qa.testcases.TC_05LogoutFunctionality">
        <test-method is-config="true" signature="SetUp()[pri:0, instance:com.amazon.qa.testcases.TC_05LogoutFunctionality@4803b726]" started-at="2022-11-06T12:40:50 IST" name="SetUp" finished-at="2022-11-06T12:41:02 IST" duration-ms="12588" status="PASS">
          <reporter-output>
          </reporter-output>
        </test-method> <!-- SetUp -->
        <test-method signature="VarifyLogoutFuntionality()[pri:0, instance:com.amazon.qa.testcases.TC_05LogoutFunctionality@4803b726]" started-at="2022-11-06T12:41:02 IST" name="VarifyLogoutFuntionality" finished-at="2022-11-06T12:41:14 IST" duration-ms="11870" status="PASS">
          <reporter-output>
          </reporter-output>
        </test-method> <!-- VarifyLogoutFuntionality -->
        <test-method is-config="true" signature="tearDown()[pri:0, instance:com.amazon.qa.testcases.TC_05LogoutFunctionality@4803b726]" started-at="2022-11-06T12:41:14 IST" name="tearDown" finished-at="2022-11-06T12:41:15 IST" duration-ms="411" status="PASS">
          <reporter-output>
          </reporter-output>
        </test-method> <!-- tearDown -->
      </class> <!-- com.amazon.qa.testcases.TC_05LogoutFunctionality -->
    </test> <!-- Default test -->
  </suite> <!-- Default suite -->
</testng-results>
